{0,
{36cbbe9b-4704-4397-8ce4-bb4c6b812424,"Локальный кластер",1541,"msk-mailru-rt",0,0,0,60,0,0,0,
{1,
{"msk-mailru-rt",1541}
},0,0,1,0},
{19,
{50fb6171-4a45-4d9b-8971-64ecfb8afdc7,"bsbf","","MSSQLServer","windows-advance","bsbf","sa","tlZUl8GGIeULtxSxjXtcrHu71Tfs18RakZsUAXIlcnM=","DB=bsbf;DBMS=MSSQLServer;DBSrvr=msk-mailru-rt;DBUID=sa;Descr=;LicDstr=Y;Locale=ru_RU;Ref=bsbf;SchJobDn=Y;SLev=0;SQLYOffs=2000;Srvr=msk-mailru-rt",0,
{0,00010101000000,00010101000000,"","","",0},1,1,"",0,"","",4,0},
{a8911f54-3152-4c5d-85d9-5efa75376a49,"DataConv2","","MSSQLServer","windows-advance","DataConv2","sa","tlZUl8GGIeULtxSxjXtcrFoESsL4ZiIfAVc0tXWNkig=","DB=DataConv2;DBMS=MSSQLServer;DBSrvr=msk-mailru-rt;DBUID=sa;Descr=;LicDstr=Y;Locale=ru_RU;Ref=DataConv2;SchJobDn=Y;SLev=0;SQLYOffs=2000;Srvr=msk-mailru-rt",0,
{0,00010101000000,00010101000000,"","","",0},1,1,"",0,"","",5,0},
{c3fd8b1a-efe8-4390-b8db-d5438dfbfdfb,"do3","","MSSQLServer","windows-advance","do3","sa","tlZUl8GGIeULtxSxjXtcrBE9znbPvEb3Bf1J/Sh80/o=","DB=do3;DBMS=MSSQLServer;DBSrvr=msk-mailru-rt;DBUID=sa;Descr=;LicDstr=Y;Locale=ru_RU;Ref=do3;SchJobDn=Y;SLev=0;SQLYOffs=2000;Srvr=msk-mailru-rt",0,
{0,00010101000000,00010101000000,"","","",0},1,1,"",0,"","",6,0},
{0d6ecea1-eba2-40fa-9234-f8c6d043395b,"do3_demo","","MSSQLServer","windows-advance","do3_demo","sa","tlZUl8GGIeULtxSxjXtcrNzbUDX8Z7qscAYevx2DIq8=","DB=do3_demo;DBMS=MSSQLServer;DBSrvr=msk-mailru-rt;DBUID=sa;Descr=;LicDstr=Y;Locale=ru_RU;Ref=do3_demo;SchJobDn=Y;SLev=0;SQLYOffs=2000;Srvr=msk-mailru-rt",0,
{0,00010101000000,00010101000000,"","","",0},1,1,"",0,"","",7,0},
{5b6e7756-7f82-42fd-a315-29470679958a,"do3_tyuryukov","","MSSQLServer","windows-advance","do3_tyuryukov","sa","tlZUl8GGIeULtxSxjXtcrJmutBjzfCzVG20Nvf53SQA=","DB=do3_tyuryukov;DBMS=MSSQLServer;DBSrvr=msk-mailru-rt;DBUID=sa;Descr=;LicDstr=Y;Locale=ru_RU;Ref=do3_tyuryukov;SchJobDn=Y;SLev=0;SQLYOffs=2000;Srvr=msk-mailru-rt",0,
{0,00010101000000,00010101000000,"","","",0},1,1,"",0,"","",8,0},
{81330f52-aa5c-4ea9-aa8a-61d4571fafa3,"erpuso2","","MSSQLServer","windows-advance","erpuso2","sa","tlZUl8GGIeULtxSxjXtcrLBzi+bmxbarUtPitmY3kDE=","DB=erpuso2;DBMS=MSSQLServer;DBSrvr=msk-mailru-rt;DBUID=sa;Descr=;LicDstr=Y;Locale=ru_RU;Ref=erpuso2;SchJobDn=Y;SLev=0;SQLYOffs=2000;Srvr=msk-mailru-rt",0,
{0,00010101000000,00010101000000,"","","",0},1,1,"",0,"","",9,0},
{3c2d5254-eb46-4efe-8ee3-fc1ec5402a83,"erpuso2_demo","","MSSQLServer","windows-advance","erpuso2_demo","sa","tlZUl8GGIeULtxSxjXtcrAdL9qgC34LKXBBD7G9g6Dw=","DB=erpuso2_demo;DBMS=MSSQLServer;DBSrvr=msk-mailru-rt;DBUID=sa;Descr=;LicDstr=Y;Locale=ru_RU;Ref=erpuso2_demo;SchJobDn=Y;SLev=0;SQLYOffs=2000;Srvr=msk-mailru-rt",0,
{0,00010101000000,00010101000000,"","","",0},1,1,"",0,"","",10,0},
{985c22a6-5eae-45a5-91f6-fef4af6f0bb4,"erpuso2_kalashnikov","","MSSQLServer","windows-advance","erpuso2_kalashnikov","sa","tlZUl8GGIeULtxSxjXtcrNDXdj34VE7MQ/4QxTlzzIE=","DB=erpuso2_kalashnikov;DBMS=MSSQLServer;DBSrvr=msk-mailru-rt;DBUID=sa;Descr=;LicDstr=Y;Locale=ru_RU;Ref=erpuso2_kalashnikov;SchJobDn=Y;SLev=0;SQLYOffs=2000;Srvr=msk-mailru-rt",0,
{0,00010101000000,00010101000000,"","","",0},1,1,"",0,"","",11,0},
{7bcbd1c4-1760-4431-ace9-36c002270077,"erpuso2_kumeyko","","MSSQLServer","windows-advance","erpuso2_kumeyko","sa","tlZUl8GGIeULtxSxjXtcrMaA/ESqKt5fy6DWOfXVfIs=","DB=erpuso2_kumeyko;DBMS=MSSQLServer;DBSrvr=msk-mailru-rt;DBUID=sa;Descr=;LicDstr=Y;Locale=ru_RU;Ref=erpuso2_kumeyko;SchJobDn=Y;SLev=0;SQLYOffs=2000;Srvr=msk-mailru-rt",0,
{0,00010101000000,00010101000000,"","","",0},1,1,"",0,"","",12,0},
{885ebd34-19bb-4ebb-9886-d082fb1cdd3b,"erpuso2_ryasov","","MSSQLServer","windows-advance","erpuso2_ryasov","sa","tlZUl8GGIeULtxSxjXtcrCiPrP4ixvEF8DfeJ5o4Pyo=","DB=erpuso2_ryasov;DBMS=MSSQLServer;DBSrvr=msk-mailru-rt;DBUID=sa;Descr=;LicDstr=Y;Locale=ru_RU;Ref=erpuso2_ryasov;SchJobDn=Y;SLev=0;SQLYOffs=2000;Srvr=msk-mailru-rt",0,
{0,00010101000000,00010101000000,"","","",0},1,1,"",0,"","",13,0},
{10b681d6-8725-4581-8c37-7d67efed3578,"erpuso2_spesivceva","","MSSQLServer","windows-advance","erpuso2_spesivceva","sa","tlZUl8GGIeULtxSxjXtcrKquz6S/cg2BrRbadjVctuE=","DB=erpuso2_spesivceva;DBMS=MSSQLServer;DBSrvr=msk-mailru-rt;DBUID=sa;Descr=;LicDstr=Y;Locale=ru_RU;Ref=erpuso2_spesivceva;SchJobDn=Y;SLev=0;SQLYOffs=2000;Srvr=msk-mailru-rt",0,
{0,00010101000000,00010101000000,"","","",0},1,1,"",0,"","",14,0},
{a4091227-daf7-49c1-a23d-12b5bb44d517,"erpuso2_test","","MSSQLServer","windows-advance","erpuso2_test","sa","tlZUl8GGIeULtxSxjXtcrJISppAI8MCGk8TnSUruUL4=","DB=erpuso2_test;DBMS=MSSQLServer;DBSrvr=msk-mailru-rt;DBUID=sa;Descr=;LicDstr=Y;Locale=ru_RU;Ref=erpuso2_test;SchJobDn=Y;SLev=0;SQLYOffs=2000;Srvr=msk-mailru-rt",0,
{0,00010101000000,00010101000000,"","","",0},1,1,"",0,"","",15,0},
{811d1b6f-9c76-4b86-9822-bdcaea4fcc74,"erpuso2_tyuryukov","","MSSQLServer","windows-advance","erpuso2_tyuryukov","sa","tlZUl8GGIeULtxSxjXtcrO6EagJHWc7Tmupu3gyQ4NI=","DB=erpuso2_tyuryukov;DBMS=MSSQLServer;DBSrvr=msk-mailru-rt;DBUID=sa;Descr=;LicDstr=Y;Locale=ru_RU;Ref=erpuso2_tyuryukov;SchJobDn=Y;SLev=0;SQLYOffs=2000;Srvr=msk-mailru-rt",0,
{0,00010101000000,00010101000000,"","","",0},1,1,"",0,"","",16,0},
{1cf07223-f01d-474b-8f83-6ad17b019f4c,"erpuso2_zhilyaev","","MSSQLServer","windows-advance","erpuso2_zhilyaev","sa","tlZUl8GGIeULtxSxjXtcrKQNUIZT/55941SO+ko2L6Q=","DB=erpuso2_zhilyaev;DBMS=MSSQLServer;DBSrvr=msk-mailru-rt;DBUID=sa;Descr=;LicDstr=Y;Locale=ru_RU;Ref=erpuso2_zhilyaev;SchJobDn=Y;SLev=0;SQLYOffs=2000;Srvr=msk-mailru-rt",0,
{0,00010101000000,00010101000000,"","","",0},1,1,"",0,"","",35,0},
{03e25d78-98ae-4e16-af47-e717cd848c84,"finanserp","","MSSQLServer","windows-advance","finanserp","sa","tlZUl8GGIeULtxSxjXtcrKZ1L1L1DzipDCLNS2fCC1M=","DB=finanserp;DBMS=MSSQLServer;DBSrvr=msk-mailru-rt;DBUID=sa;Descr=;LicDstr=Y;Locale=ru_RU;Ref=finanserp;SchJobDn=Y;SLev=0;SQLYOffs=2000;Srvr=msk-mailru-rt",0,
{0,00010101000000,00010101000000,"","","",0},1,1,"",0,"","",18,0},
{f0fa7f48-2fed-4903-b411-1730ac696610,"gilv_tpc_g1c_83","","MSSQLServer","windows-advance","gilv_tpc_g1c_83","sa","tlZUl8GGIeULtxSxjXtcrH2HVtMg145BwYM+1WyVhVM=","CrSQLDB=Y;DB=gilv_tpc_g1c_83;DBMS=MSSQLServer;DBSrvr=windows-advance;DBUID=sa;LIC=1408103085416642108;LicDstr=Y;Locale=ru_RU;Ref=gilv_tpc_g1c_83;SLev=0;SQLYOffs=2000;Srvr=msk-mailru-rt",0,
{0,00010101000000,00010101000000,"","","",0},0,1,"",0,"","",23,0},
{b7c73275-aed9-48f5-9b1b-e379b0b578e7,"convdata3","","MSSQLServer","windows-advance","convdata3","sa","tlZUl8GGIeULtxSxjXtcrL+h6DY94ek3dIDG5zJf3g8=","CrSQLDB=Y;DB=convdata3;DBMS=MSSQLServer;DBSrvr=windows-advance;DBUID=sa;LIC=4799292452091917932;LicDstr=Y;Locale=ru_RU;Ref=convdata3;SLev=0;SQLYOffs=2000;Srvr=localhost",0,
{0,00010101000000,00010101000000,"","","",0},0,1,"",0,"","",36,0},
{fdcdcd83-ff87-4919-b1c0-6988a194b1d1,"do3_zhilyaev_test","","MSSQLServer","windows-advance","do3_zhilyaev_test","sa","tlZUl8GGIeULtxSxjXtcrA1r1QVzGJJvOyCegV04x+Q=","CrSQLDB=Y;DB=do3_zhilyaev_test;DBMS=MSSQLServer;DBSrvr=msk-mailru-rt;DBUID=sa;LIC=6327160960250459004;LicDstr=Y;Locale=ru_RU;Ref=do3_zhilyaev_test;SLev=0;SQLYOffs=2000;Srvr=msk-mailru-rt",0,
{0,00010101000000,00010101000000,"","","",0},1,1,"",0,"","",47,0},
{a5470a47-1086-40f3-bcdc-213b346ca62a,"erpuso2_zhilyaev_test","","MSSQLServer","windows-advance","erpuso2_zhilyaev_test","sa","tlZUl8GGIeULtxSxjXtcrPcw2LrsWLUCe9qwCA5F/Mg=","CrSQLDB=Y;DB=erpuso2_zhilyaev_test;DBMS=MSSQLServer;DBSrvr=msk-mailru-rt;DBUID=sa;LIC=6312519781001454200;LicDstr=Y;Locale=ru_RU;Ref=erpuso2_zhilyaev_test;SLev=0;SQLYOffs=2000;Srvr=msk-mailru-rt",0,
{0,00010101000000,00010101000000,"","","",0},0,1,"",0,"","",48,0}
},
{1,
{72845f0e-101c-4564-a3fd-87b2d08bf50e,"windows-advance",1,0,1000,6f5065f9-3081-4327-93b6-2d9b3ffbe1ed,0}
},
{0},
{1,
{6f5065f9-3081-4327-93b6-2d9b3ffbe1ed,"Центральный сервер",1540,"windows-advance",1,
{1,
{1560,1591}
},"","xyVr+XBciX88YRNhgNjXDQ==",0,0,8,256,1000,1,0,1,0,1,1541,0,0,300,""}
},
{1,
{e8e96d15-507a-4f8f-89ba-07aa12e87dac,"Главный менеджер кластера","windows-advance",1,1,6f5065f9-3081-4327-93b6-2d9b3ffbe1ed}
},
{0},
{0},
{1,6f5065f9-3081-4327-93b6-2d9b3ffbe1ed,
{0}
},
{0},
{0},
{0,0},0,
{1,6f5065f9-3081-4327-93b6-2d9b3ffbe1ed,
{0}
},
{0},
{0},
{0},
{0},
{0},
{0},
{0},
{0},49,
{0},
{0},
{""},
{""},
{1,
{6f5065f9-3081-4327-93b6-2d9b3ffbe1ed,3176,1561,1562,"2CTpTEJfF6NTEph6uxFaUN0tixRj2RYTfFF3OYHhuno=","MwU8P3Ku7Yw9Xc1Lj12zexvf0UtDHNqZEk5NZlLkV3c=",1563}
},"WgsP1hvxnPuLYg17JzCd/V3YdR9LT970o2ypvvUQdt4="}