{0,
{6f6d6a29-a9e4-4c6a-b1b2-e41bfe633010,"Локальный кластер",1541,"msk-mailru-rt",0,0,0,60,0,0,0,
{1,
{"msk-mailru-rt",1541}
},0,0,1,0},
{0},
{2,
{4859afd2-8240-4422-bfce-cb86b8fc1aa1,"msk-mailru-rt",1,0,1000,3bef2969-12b3-43b0-b82e-501d3a2a41b1,0},
{511afc57-2fca-45e4-ac24-6abc2ac3e795,"windows-advance",1,0,1000,b8d02e4a-60f1-407f-8e16-3966608c3399,0}
},
{0},
{2,
{3bef2969-12b3-43b0-b82e-501d3a2a41b1,"Центральный сервер",1540,"msk-mailru-rt",1,
{1,
{1560,1591}
},"","BbbNr6URs9WkQS0lWGU4WQ==",0,0,8,256,1000,1,0,1,0,1,1541,0,0,300,""},
{b8d02e4a-60f1-407f-8e16-3966608c3399,"DB сервер",1540,"windows-advance",1,
{1,
{1560,1591}
},"","tloOV7qcwwTyPccDeeyKQg==",0,0,8,256,1000,1,0,1,0,0,1541,0,0,300,""}
},
{2,
{0a813518-7098-40bb-b561-618c86348be2,"Главный менеджер кластера","msk-mailru-rt",1,1,3bef2969-12b3-43b0-b82e-501d3a2a41b1},
{f0934c3c-7621-4bd0-a64f-b2f7594c16b2,"Дополнительный менеджер кластера","windows-advance",0,1,b8d02e4a-60f1-407f-8e16-3966608c3399}
},
{0},
{0},
{2,3bef2969-12b3-43b0-b82e-501d3a2a41b1,
{2,0c2091e2-eb61-4079-9e8d-cfe6d480088d,0,"Connection",1,1,2,1,142fe2a4-60b9-46d2-aab4-94597f40a3bf,0,"LicenseService",1,1,0,3},b8d02e4a-60f1-407f-8e16-3966608c3399,
{2,7ef73ef1-b9b3-473a-b7ba-c898e57bca18,0,"LicenseService",1,1,2,1,d8f2507f-5aba-4fd9-a99d-3b57b97701a8,1,1,1,0,1}
},
{2,3bef2969-12b3-43b0-b82e-501d3a2a41b1,
{2,0c2091e2-eb61-4079-9e8d-cfe6d480088d,0,"Connection",1,1,2,1,142fe2a4-60b9-46d2-aab4-94597f40a3bf,0,"LicenseService",1,1,0,3},b8d02e4a-60f1-407f-8e16-3966608c3399,
{2,7ef73ef1-b9b3-473a-b7ba-c898e57bca18,0,"LicenseService",1,1,2,1,d8f2507f-5aba-4fd9-a99d-3b57b97701a8,1,1,1,0,1}
},
{0},
{0,0},0,
{2,3bef2969-12b3-43b0-b82e-501d3a2a41b1,
{2,
{0c2091e2-eb61-4079-9e8d-cfe6d480088d,0,"Connection",1,1,2,1,0},
{142fe2a4-60b9-46d2-aab4-94597f40a3bf,0,"LicenseService",1,1,0,3,0}
},b8d02e4a-60f1-407f-8e16-3966608c3399,
{2,
{7ef73ef1-b9b3-473a-b7ba-c898e57bca18,0,"LicenseService",1,1,2,1,0},
{d8f2507f-5aba-4fd9-a99d-3b57b97701a8,1,1,1,0,1,0}
}
},
{2,3bef2969-12b3-43b0-b82e-501d3a2a41b1,
{2,
{0c2091e2-eb61-4079-9e8d-cfe6d480088d,0,"Connection",1,1,2,1,0},
{142fe2a4-60b9-46d2-aab4-94597f40a3bf,0,"LicenseService",1,1,0,3,0}
},b8d02e4a-60f1-407f-8e16-3966608c3399,
{2,
{7ef73ef1-b9b3-473a-b7ba-c898e57bca18,0,"LicenseService",1,1,2,1,0},
{d8f2507f-5aba-4fd9-a99d-3b57b97701a8,1,1,1,0,1,0}
}
},
{0},
{0},
{0},
{0},
{0},
{0},
{0},27,
{0},
{0},
{""},
{""},
{1,
{3bef2969-12b3-43b0-b82e-501d3a2a41b1,3780,1561,1562,"YsHeTkJnqT4ZSTLAgXMf1gTEmew8eBvkFl/YCNP2+iI=","7qe0ZMdbdhdw6sZ0CEBAvA3I9TJzqF6CrTYoMiiEVhg=",1563}
},"UuzhPoqQVuAHk56456oTyntyUeyCuhmADdqBxXwbOsU="}