{0,
{34c9f481-363f-46d4-8e8b-817046431174,"Локальный кластер",1541,"msk-mailru-rt",0,0,0,60,0,0,0,
{1,
{"msk-mailru-rt",1541}
},0,0,1,0},
{17,
{2b8fbd09-0991-4035-82a3-32be2e30398f,"gilv_tpc_g1c_83","","MSSQLServer","windows-advance","gilv_tpc_g1c_83","sa","LFRPEzsTXUXzldR6vTlfuhCNvF7fpr15vsC8w1A0gjk=","DB=gilv_tpc_g1c_83;DBMS=MSSQLServer;DBSrvr=windows-advance;DBUID=sa;Descr=;LicDstr=Y;Locale=ru_RU;Ref=gilv_tpc_g1c_83;SLev=0;SQLYOffs=2000;Srvr=msk-mailru-rt",0,
{0,00010101000000,00010101000000,"","","",0},0,1,"",0,"","",13,0},
{2da4331d-95bc-482a-8156-bdf6ed4eeb31,"DataConv2","","MSSQLServer","windows-advance","DataConv2","sa","LFRPEzsTXUXzldR6vTlfur11QtTgBJFiE2IXXyKrFcA=","DB=DataConv2;DBMS=MSSQLServer;DBSrvr=windows-advance;DBUID=sa;Descr=;LicDstr=Y;Locale=ru_RU;Ref=DataConv2;SLev=0;SQLYOffs=2000;Srvr=msk-mailru-rt",0,
{0,00010101000000,00010101000000,"","","",0},0,1,"",0,"","",14,0},
{e1432be4-f374-41a4-90f8-05ba3606da21,"do3","","MSSQLServer","windows-advance","do3","sa","LFRPEzsTXUXzldR6vTlfuox1uWqTMjaGvN7dC6OvPRQ=","DB=do3;DBMS=MSSQLServer;DBSrvr=windows-advance;DBUID=sa;Descr=;LicDstr=Y;Locale=ru_RU;Ref=do3;SLev=0;SQLYOffs=2000;Srvr=msk-mailru-rt",0,
{0,00010101000000,00010101000000,"","","",0},0,1,"",0,"","",15,0},
{78bfef79-145d-414e-a131-12ddefb63530,"do3_demo","","MSSQLServer","windows-advance","do3_demo","sa","LFRPEzsTXUXzldR6vTlfuu3BblCp19YyLEa4mKbF5Jg=","DB=do3_demo;DBMS=MSSQLServer;DBSrvr=windows-advance;DBUID=sa;Descr=;LicDstr=Y;Locale=ru_RU;Ref=do3_demo;SLev=0;SQLYOffs=2000;Srvr=msk-mailru-rt",0,
{0,00010101000000,00010101000000,"","","",0},0,1,"",0,"","",16,0},
{8abde835-1820-460f-9627-dd0b4218434c,"do3_tyuryukov","","MSSQLServer","windows-advance","do3_tyuryukov","sa","LFRPEzsTXUXzldR6vTlfuj1c3egP5teGoStlWdioPMs=","DB=do3_tyuryukov;DBMS=MSSQLServer;DBSrvr=windows-advance;DBUID=sa;Descr=;LicDstr=Y;Locale=ru_RU;Ref=do3_tyuryukov;SLev=0;SQLYOffs=2000;Srvr=msk-mailru-rt",0,
{0,00010101000000,00010101000000,"","","",0},0,1,"",0,"","",17,0},
{61e69bda-32df-4943-8f54-516ea4c1669c,"erpuso2","","MSSQLServer","windows-advance","erpuso2","sa","LFRPEzsTXUXzldR6vTlfuiYVOpNpdZP7wC6YfOrYZU0=","DB=erpuso2;DBMS=MSSQLServer;DBSrvr=windows-advance;DBUID=sa;Descr=;LicDstr=Y;Locale=ru_RU;Ref=erpuso2;SLev=0;SQLYOffs=2000;Srvr=msk-mailru-rt",0,
{0,00010101000000,00010101000000,"","","",0},0,1,"",0,"","",18,0},
{37e0b9d3-f834-4bbf-8f80-0ebd99ae43e8,"erpuso2_demo","","MSSQLServer","windows-advance","erpuso2_demo","sa","LFRPEzsTXUXzldR6vTlful4RFPy4ln9bGvT/nigEaHo=","DB=erpuso2_demo;DBMS=MSSQLServer;DBSrvr=windows-advance;DBUID=sa;Descr=;LicDstr=Y;Locale=ru_RU;Ref=erpuso2_demo;SLev=0;SQLYOffs=2000;Srvr=msk-mailru-rt",0,
{0,00010101000000,00010101000000,"","","",0},0,1,"",0,"","",19,0},
{8ad07c97-cd2a-4007-950e-32cc3a21b199,"erpuso2_kalashnikov","","MSSQLServer","windows-advance","erpuso2_kalashnikov","sa","LFRPEzsTXUXzldR6vTlfukkR4ti43Sd+kZ0iYU2M5rs=","DB=erpuso2_kalashnikov;DBMS=MSSQLServer;DBSrvr=windows-advance;DBUID=sa;Descr=;LicDstr=Y;Locale=ru_RU;Ref=erpuso2_kalashnikov;SLev=0;SQLYOffs=2000;Srvr=msk-mailru-rt",0,
{0,00010101000000,00010101000000,"","","",0},0,1,"",0,"","",20,0},
{4a6b0eac-8c71-4bc8-8264-546c75537e02,"erpuso2_kumeyko","","MSSQLServer","windows-advance","erpuso2_kumeyko","sa","LFRPEzsTXUXzldR6vTlfuhvMqWjp0NtcKpPWsSHcqw8=","DB=erpuso2_kumeyko;DBMS=MSSQLServer;DBSrvr=windows-advance;DBUID=sa;Descr=;LicDstr=Y;Locale=ru_RU;Ref=erpuso2_kumeyko;SLev=0;SQLYOffs=2000;Srvr=msk-mailru-rt",0,
{0,00010101000000,00010101000000,"","","",0},0,1,"",0,"","",21,0},
{763e62f3-a930-483e-9949-ee438b44750b,"erpuso2_ryasov","","MSSQLServer","windows-advance","erpuso2_ryasov","sa","LFRPEzsTXUXzldR6vTlfugUE7YFVtPiDW/G/E3StZJ4=","DB=erpuso2_ryasov;DBMS=MSSQLServer;DBSrvr=windows-advance;DBUID=sa;Descr=;LicDstr=Y;Locale=ru_RU;Ref=erpuso2_ryasov;SLev=0;SQLYOffs=2000;Srvr=msk-mailru-rt",0,
{0,00010101000000,00010101000000,"","","",0},0,1,"",0,"","",22,0},
{c063e70d-a4e4-4478-bbce-d30c83daa01b,"erpuso2_spesivceva","","MSSQLServer","windows-advance","erpuso2_spesivceva","sa","LFRPEzsTXUXzldR6vTlfuowzfWkkT0W6T7ZM+dS6wKA=","DB=erpuso2_spesivceva;DBMS=MSSQLServer;DBSrvr=windows-advance;DBUID=sa;Descr=;LicDstr=Y;Locale=ru_RU;Ref=erpuso2_spesivceva;SLev=0;SQLYOffs=2000;Srvr=msk-mailru-rt",0,
{0,00010101000000,00010101000000,"","","",0},0,1,"",0,"","",27,0},
{94f8a4a9-01e5-4e4d-8038-ca057f37a602,"erpuso2_test","","MSSQLServer","windows-advance","erpuso2_test","sa","LFRPEzsTXUXzldR6vTlfutnLPu7he0lV3cqq8Q4vG8Q=","DB=erpuso2_test;DBMS=MSSQLServer;DBSrvr=windows-advance;DBUID=sa;Descr=;LicDstr=Y;Locale=ru_RU;Ref=erpuso2_test;SLev=0;SQLYOffs=2000;Srvr=msk-mailru-rt",0,
{0,00010101000000,00010101000000,"","","",0},0,1,"",0,"","",30,0},
{b01c4a17-bdf4-4438-86f7-a13f1b4ddcf5,"erpuso2_tyuryukov","","MSSQLServer","windows-advance","erpuso2_tyuryukov","sa","LFRPEzsTXUXzldR6vTlfuvPJx9+Nt5P3nA0/nts4rl0=","DB=erpuso2_tyuryukov;DBMS=MSSQLServer;DBSrvr=windows-advance;DBUID=sa;Descr=;LicDstr=Y;Locale=ru_RU;Ref=erpuso2_tyuryukov;SLev=0;SQLYOffs=2000;Srvr=msk-mailru-rt",0,
{0,00010101000000,00010101000000,"","","",0},1,1,"",0,"","",37,0},
{51c85f83-430f-4400-a539-5ffc223bad6c,"erpuso2_zhilyaev","","MSSQLServer","windows-advance","erpuso2_zhilyaev","sa","LFRPEzsTXUXzldR6vTlfuiZBYycynb7wXeYgmZWEJF4=","DB=erpuso2_zhilyaev;DBMS=MSSQLServer;DBSrvr=windows-advance;DBUID=sa;Descr=;LicDstr=Y;Locale=ru_RU;Ref=erpuso2_zhilyaev;SLev=0;SQLYOffs=2000;Srvr=msk-mailru-rt",0,
{0,00010101000000,00010101000000,"","","",0},0,1,"",0,"","",33,0},
{064d4e17-7dfe-4030-b945-0462a8ffd835,"convdata3","","MSSQLServer","windows-advance","convdata3","sa","LFRPEzsTXUXzldR6vTlfug5WZF6CNJwfDLcY9seMU7M=","DB=convdata3;DBMS=MSSQLServer;DBSrvr=windows-advance;DBUID=sa;Descr=;LicDstr=Y;Locale=ru_RU;Ref=convdata3;SLev=0;SQLYOffs=2000;Srvr=msk-mailru-rt",0,
{0,00010101000000,00010101000000,"","","",0},0,1,"",0,"","",34,0},
{8b1ce593-b2ae-4228-a5b7-a442fd69ff8b,"do3_zhilyaev_test","","MSSQLServer","windows-advance","do3_zhilyaev_test","sa","LFRPEzsTXUXzldR6vTlfujZ1ES2Y293xoUucgf4E3dw=","DB=do3_zhilyaev_test;DBMS=MSSQLServer;DBSrvr=windows-advance;DBUID=sa;Descr=;LicDstr=Y;Locale=ru_RU;Ref=do3_zhilyaev_test;SchJobDn=Y;SLev=0;SQLYOffs=2000;Srvr=msk-mailru-rt",0,
{0,00010101000000,00010101000000,"","","",0},1,1,"",0,"","",35,0},
{45acf9cc-b74f-43c3-beca-8613533edbd8,"erpuso2_zhilyaev_test","","MSSQLServer","windows-advance","erpuso2_zhilyaev_test","sa","LFRPEzsTXUXzldR6vTlfuu+xhOOJnfW1geCTkhn0prw=","DB=erpuso2_zhilyaev_test;DBMS=MSSQLServer;DBSrvr=windows-advance;DBUID=sa;Descr=;LicDstr=Y;Locale=ru_RU;Ref=erpuso2_zhilyaev_test;SchJobDn=Y;SLev=0;SQLYOffs=2000;Srvr=msk-mailru-rt",0,
{0,00010101000000,00010101000000,"","","",0},1,1,"",0,"","",36,0}
},
{3,
{ea13f365-228b-4969-9751-313fc2e29d0b,"windows-advance",1,0,1000,5247ad29-65c3-46b8-8e91-c6d9b6b23c0e,0},
{5b17c061-3e2f-414d-8815-cca8de5190ca,"msk-mailru-rt",1,0,1000,611aabdc-8a7a-4716-9eb1-39a385155573,0},
{7b9ab16f-6bf8-45bd-8e54-9b4fc2cddf1b,"msk-mailru-rt",1,0,1000,611aabdc-8a7a-4716-9eb1-39a385155573,0}
},
{0},
{2,
{611aabdc-8a7a-4716-9eb1-39a385155573,"Центральный сервер",1540,"msk-mailru-rt",1,
{1,
{1560,1591}
},"","+ChVdZ6aUeuGkgkDO1FdgA==",0,0,8,256,1000,1,0,1,0,1,1541,0,0,300,""},
{5247ad29-65c3-46b8-8e91-c6d9b6b23c0e,"Сервер лицензий",1540,"windows-advance",1,
{1,
{1560,1591}
},"","4HQSs3K+76p4R0KD7Nz4pg==",0,0,8,256,1000,1,0,1,0,0,1541,0,0,300,""}
},
{1,
{bfbc886c-d906-4fb8-a6ef-a6eea5539803,"Главный менеджер кластера","msk-mailru-rt",1,1,611aabdc-8a7a-4716-9eb1-39a385155573}
},
{0},
{0},
{2,5247ad29-65c3-46b8-8e91-c6d9b6b23c0e,
{2,cdd0ab85-40ba-4d9c-8bb1-e0a48c87131a,0,"LicenseService",1,1,2,1,44d0aed9-9ac4-43f0-93b0-d611cb66325d,1,1,1,0,3},611aabdc-8a7a-4716-9eb1-39a385155573,
{2,30b81445-2fb8-4a03-bb8b-ecb64afd88d8,0,"LicenseService",1,1,2,1,bde35442-348c-4172-8626-848fa8c90b55,1,1,1,2,1}
},
{2,5247ad29-65c3-46b8-8e91-c6d9b6b23c0e,
{2,cdd0ab85-40ba-4d9c-8bb1-e0a48c87131a,0,"LicenseService",1,1,2,1,44d0aed9-9ac4-43f0-93b0-d611cb66325d,1,1,1,0,3},611aabdc-8a7a-4716-9eb1-39a385155573,
{2,30b81445-2fb8-4a03-bb8b-ecb64afd88d8,0,"LicenseService",1,1,2,1,bde35442-348c-4172-8626-848fa8c90b55,1,1,1,2,1}
},
{0},
{0,0},0,
{2,5247ad29-65c3-46b8-8e91-c6d9b6b23c0e,
{2,
{cdd0ab85-40ba-4d9c-8bb1-e0a48c87131a,0,"LicenseService",1,1,2,1,0},
{44d0aed9-9ac4-43f0-93b0-d611cb66325d,1,1,1,0,3,0}
},611aabdc-8a7a-4716-9eb1-39a385155573,
{2,
{30b81445-2fb8-4a03-bb8b-ecb64afd88d8,0,"LicenseService",1,1,2,1,0},
{bde35442-348c-4172-8626-848fa8c90b55,1,1,1,2,1,0}
}
},
{2,5247ad29-65c3-46b8-8e91-c6d9b6b23c0e,
{2,
{cdd0ab85-40ba-4d9c-8bb1-e0a48c87131a,0,"LicenseService",1,1,2,1,0},
{44d0aed9-9ac4-43f0-93b0-d611cb66325d,1,1,1,0,3,0}
},611aabdc-8a7a-4716-9eb1-39a385155573,
{2,
{30b81445-2fb8-4a03-bb8b-ecb64afd88d8,0,"LicenseService",1,1,2,1,0},
{bde35442-348c-4172-8626-848fa8c90b55,1,1,1,2,1,0}
}
},
{0},
{0},
{0},
{0},
{0},
{0},
{0},67,
{0},
{0},
{""},
{""},
{0},"iypdSE4oCRCfzKvV8z06SvxqzMBJvcTiYO3vsF+ELzs="}